<?xml version="1.0" encoding="UTF-8"?>
<testsuite xmlns:xsi="http://www.w3.org/2001/XMLSchema-instance" xsi:noNamespaceSchemaLocation="https://maven.apache.org/surefire/maven-surefire-plugin/xsd/surefire-test-report.xsd" name="demo.sample.com.Sample_demo_javaproject.AppTest" time="0.079" tests="1" errors="0" skipped="0" failures="0">
  <properties>
    <property name="java.specification.version" value="21"/>
    <property name="sun.cpu.isalist" value="amd64"/>
    <property name="sun.jnu.encoding" value="Cp1252"/>
    <property name="java.class.path" value="C:\Users\golla\OneDrive\Desktop\Eclipse\Sample_demo_javaproject\target\test-classes;C:\Users\golla\OneDrive\Desktop\Eclipse\Sample_demo_javaproject\target\classes;C:\Users\golla\.m2\repository\junit\junit\4.11\junit-4.11.jar;C:\Users\golla\.m2\repository\org\hamcrest\hamcrest-core\1.3\hamcrest-core-1.3.jar;"/>
    <property name="java.vm.vendor" value="Oracle Corporation"/>
    <property name="sun.arch.data.model" value="64"/>
    <property name="user.variant" value=""/>
    <property name="java.vendor.url" value="https://java.oracle.com/"/>
    <property name="user.timezone" value="Asia/Calcutta"/>
    <property name="os.name" value="Windows 11"/>
    <property name="java.vm.specification.version" value="21"/>
    <property name="sun.java.launcher" value="SUN_STANDARD"/>
    <property name="user.country" value="IN"/>
    <property name="sun.boot.library.path" value="C:\Program Files\Java\jdk-21\bin"/>
    <property name="sun.java.command" value="C:\Users\golla\AppData\Local\Temp\surefire13969275124071973867\surefirebooter2466608357966221486.jar C:\Users\golla\AppData\Local\Temp\surefire13969275124071973867 2024-11-20T10-33-46_702-jvmRun1 surefire4740559552871644164tmp surefire_015626289892463840428tmp"/>
    <property name="jdk.debug" value="release"/>
    <property name="surefire.test.class.path" value="C:\Users\golla\OneDrive\Desktop\Eclipse\Sample_demo_javaproject\target\test-classes;C:\Users\golla\OneDrive\Desktop\Eclipse\Sample_demo_javaproject\target\classes;C:\Users\golla\.m2\repository\junit\junit\4.11\junit-4.11.jar;C:\Users\golla\.m2\repository\org\hamcrest\hamcrest-core\1.3\hamcrest-core-1.3.jar;"/>
    <property name="sun.cpu.endian" value="little"/>
    <property name="user.home" value="C:\Users\golla"/>
    <property name="user.language" value="en"/>
    <property name="java.specification.vendor" value="Oracle Corporation"/>
    <property name="java.version.date" value="2024-01-16"/>
    <property name="java.home" value="C:\Program Files\Java\jdk-21"/>
    <property name="file.separator" value="\"/>
    <property name="basedir" value="C:\Users\golla\OneDrive\Desktop\Eclipse\Sample_demo_javaproject"/>
    <property name="style.color" value="always"/>
    <property name="java.vm.compressedOopsMode" value="Zero based"/>
    <property name="line.separator" value="&#10;"/>
    <property name="java.vm.specification.vendor" value="Oracle Corporation"/>
    <property name="java.specification.name" value="Java Platform API Specification"/>
    <property name="surefire.real.class.path" value="C:\Users\golla\AppData\Local\Temp\surefire13969275124071973867\surefirebooter2466608357966221486.jar"/>
    <property name="user.script" value=""/>
    <property name="sun.management.compiler" value="HotSpot 64-Bit Tiered Compilers"/>
    <property name="java.runtime.version" value="21.0.2+13-LTS-58"/>
    <property name="user.name" value="golla"/>
    <property name="stdout.encoding" value="Cp1252"/>
    <property name="path.separator" value=";"/>
    <property name="os.version" value="10.0"/>
    <property name="java.runtime.name" value="Java(TM) SE Runtime Environment"/>
    <property name="file.encoding" value="UTF-8"/>
    <property name="java.vm.name" value="Java HotSpot(TM) 64-Bit Server VM"/>
    <property name="localRepository" value="C:\Users\golla\.m2\repository"/>
    <property name="java.vendor.url.bug" value="https://bugreport.java.com/bugreport/"/>
    <property name="java.io.tmpdir" value="C:\Users\golla\AppData\Local\Temp\"/>
    <property name="java.version" value="21.0.2"/>
    <property name="user.dir" value="C:\Users\golla\OneDrive\Desktop\Eclipse\Sample_demo_javaproject"/>
    <property name="os.arch" value="amd64"/>
    <property name="java.vm.specification.name" value="Java Virtual Machine Specification"/>
    <property name="sun.os.patch.level" value=""/>
    <property name="native.encoding" value="Cp1252"/>
    <property name="java.library.path" value="C:\Program Files\Java\jdk-21\bin;C:\WINDOWS\Sun\Java\bin;C:\WINDOWS\system32;C:\WINDOWS;C:\Program Files\Common Files\Oracle\Java\javapath;C:\Python312\Scripts\;C:\Python312\;C:\Program Files (x86)\Common Files\Oracle\Java\javapath;C:\WINDOWS\system32;C:\WINDOWS;C:\WINDOWS\System32\Wbem;C:\WINDOWS\System32\WindowsPowerShell\v1.0\;C:\WINDOWS\System32\OpenSSH\;C:\Program Files\dotnet\;C:\ProgramData\chocolatey\bin;C:\Program Files (x86)\nodejs\;C:\Program Files\HP\HP One Agent;C:\WINDOWS\system32;C:\WINDOWS;C:\WINDOWS\System32\Wbem;C:\WINDOWS\System32\WindowsPowerShell\v1.0\;C:\WINDOWS\System32\OpenSSH\;C:\Program Files\MySQL\MySQL Server 8.0\bin;c:\heroku;C:\Program Files\MySQL\MySQL Shell 8.0\bin\;C:\Users\golla\AppData\Local\Microsoft\WindowsApps;C:\MinGW\bin;C:\Users\golla\Downloads\java-1.8.0-openjdk-1.8.0.362-1.b08.redhat.windows.x86_64\java-1.8.0-openjdk-1.8.0.362-1.b08.redhat.windows.x86_64\bin;C:\Users\golla\OneDrive\Desktop\python\PyCharm Community Edition 2023.1.2\bin;;C:\Users\golla\AppData\Local\Programs\Microsoft VS Code\bin;C:\Users\golla\AppData\Local\Programs\mongosh\;C:\Users\golla\AppData\Roaming\npm;C:\Program Files\Java\jdk-21\bin;C:\Users\golla\anaconda3\Library\bin\;C:\Users\golla\anaconda3\Scripts\;C:\Users\golla\anaconda3\condabin\;C:\Users\golla\AppData\Local\GitHubDesktop\bin;C:\Program Files\heroku\bin;C:\Users\golla\AppData\Local\Programs\Ollama;C:\Users\golla\Downloads\apache-maven-3.9.9-bin\apache-maven-3.9.9\bin;C:\Users\golla\Downloads\apache-maven-3.9.9-bin;;."/>
    <property name="java.vm.info" value="mixed mode, sharing"/>
    <property name="stderr.encoding" value="Cp1252"/>
    <property name="java.vendor" value="Oracle Corporation"/>
    <property name="java.vm.version" value="21.0.2+13-LTS-58"/>
    <property name="sun.io.unicode.encoding" value="UnicodeLittle"/>
    <property name="java.class.version" value="65.0"/>
  </properties>
  <testcase name="shouldAnswerWithTrue" classname="demo.sample.com.Sample_demo_javaproject.AppTest" time="0.008"/>
</testsuite>